C:\lscc\radiant\2024.1\synpbase\bin64\c_hdl.exe  -osyn  "C:\Users\mring\Documents\MicroPs\E155-lab7\fpga\radiant project\lab7\synwork\lab7_lab7_comp.srs"  -top  aes  -hdllog  "C:\Users\mring\Documents\MicroPs\E155-lab7\fpga\radiant project\lab7\synlog\lab7_lab7_compiler.srr"  -encrypt  -mp  4  -verification_mode 0  -vhdl  -prodtype  synplify_pro  -primux -fixsmult -infer_seqShift -sdff_counter -nram -divnmod -nostructver  -lattice -ice  -encrypt  -pro  -dmgen  "C:\Users\mring\Documents\MicroPs\E155-lab7\fpga\radiant project\lab7\dm"  -lite -ui -fid2 -ram -sharing on -ll 2000 -autosm  -work_is_curlib 0  -ignore_undefined_lib  -lib pmi C:\lscc\radiant\2024.1\ip\pmi\pmi_iCE40UP.vhd  -verilog  -prodtype  synplify_pro  -primux -fixsmult -infer_seqShift -sdff_counter -nram -divnmod -nostructver  -lattice -ice   -I "C:\Users\mring\Documents\MicroPs\E155-lab7\fpga\radiant project"  -I "C:\Users\mring\Documents\MicroPs\E155-lab7\fpga\radiant project\lab7\"  -I C:\lscc\radiant\2024.1\synpbase\lib   -v2001  -devicelib  C:\lscc\radiant\2024.1\synpbase\lib\generic\ice40up.v  -encrypt  -pro  -dmgen  "C:\Users\mring\Documents\MicroPs\E155-lab7\fpga\radiant project\lab7\dm"  -ui -fid2 -ram -sharing on -ll 2000 -autosm  -D_MULTIPLE_FILE_COMPILATION_UNIT_  -lib work C:\lscc\radiant\2024.1\ip\pmi\pmi_iCE40UP.v -lib work -fsysv C:\Users\mring\Documents\MicroPs\E155-lab7\fpga\src\aes_starter.sv -lib work -fsysv C:\Users\mring\Documents\MicroPs\E155-lab7\fpga\src\sub_words.sv -lib work -fsysv C:\Users\mring\Documents\MicroPs\E155-lab7\fpga\src\sub_bytes.sv -lib work -fsysv C:\Users\mring\Documents\MicroPs\E155-lab7\fpga\src\shift_rows.sv -lib work -fsysv C:\Users\mring\Documents\MicroPs\E155-lab7\fpga\src\expand_key.sv -lib work -fsysv C:\Users\mring\Documents\MicroPs\E155-lab7\fpga\src\rot_and_sub_bytes.sv -lib work -fsysv C:\Users\mring\Documents\MicroPs\E155-lab7\fpga\src\aes_controller.sv -lib work -fsysv C:\Users\mring\Documents\MicroPs\E155-lab7\fpga\src\aes_controller_nextstate.sv -lib work -fsysv C:\Users\mring\Documents\MicroPs\E155-lab7\fpga\src\round_constant_decoder.sv -lib work -fsysv C:\Users\mring\Documents\MicroPs\E155-lab7\fpga\src\sbox_sync.sv  -jobname  "compiler" 
relcom:..\..\..\..\..\..\..\..\..\lscc\radiant\2024.1\synpbase\bin64\c_hdl.exe -osyn "C:\Users\mring\Documents\MicroPs\E155-lab7\fpga\radiant project\lab7\synwork\lab7_lab7_comp.srs" -top aes -hdllog "C:\Users\mring\Documents\MicroPs\E155-lab7\fpga\radiant project\lab7\synlog\lab7_lab7_compiler.srr" -encrypt -mp 4 -verification_mode 0 -vhdl -prodtype synplify_pro -primux -fixsmult -infer_seqShift -sdff_counter -nram -divnmod -nostructver -lattice -ice -encrypt -pro -dmgen "C:\Users\mring\Documents\MicroPs\E155-lab7\fpga\radiant project\lab7\dm" -lite -ui -fid2 -ram -sharing on -ll 2000 -autosm -work_is_curlib 0 -ignore_undefined_lib -lib pmi ..\..\..\..\..\..\..\..\..\lscc\radiant\2024.1\ip\pmi\pmi_iCE40UP.vhd -verilog -prodtype synplify_pro -primux -fixsmult -infer_seqShift -sdff_counter -nram -divnmod -nostructver -lattice -ice -I "C:\Users\mring\Documents\MicroPs\E155-lab7\fpga\radiant project" -I "C:\Users\mring\Documents\MicroPs\E155-lab7\fpga\radiant project\lab7\" -I ..\..\..\..\..\..\..\..\..\lscc\radiant\2024.1\synpbase\lib -v2001 -devicelib ..\..\..\..\..\..\..\..\..\lscc\radiant\2024.1\synpbase\lib\generic\ice40up.v -encrypt -pro -dmgen "C:\Users\mring\Documents\MicroPs\E155-lab7\fpga\radiant project\lab7\dm" -ui -fid2 -ram -sharing on -ll 2000 -autosm -D_MULTIPLE_FILE_COMPILATION_UNIT_ -lib work ..\..\..\..\..\..\..\..\..\lscc\radiant\2024.1\ip\pmi\pmi_iCE40UP.v -lib work -fsysv ..\..\..\src\aes_starter.sv -lib work -fsysv ..\..\..\src\sub_words.sv -lib work -fsysv ..\..\..\src\sub_bytes.sv -lib work -fsysv ..\..\..\src\shift_rows.sv -lib work -fsysv ..\..\..\src\expand_key.sv -lib work -fsysv ..\..\..\src\rot_and_sub_bytes.sv -lib work -fsysv ..\..\..\src\aes_controller.sv -lib work -fsysv ..\..\..\src\aes_controller_nextstate.sv -lib work -fsysv ..\..\..\src\round_constant_decoder.sv -lib work -fsysv ..\..\..\src\sbox_sync.sv -jobname "compiler"
rc:2 success:0 runtime:3
file:..\synwork\lab7_lab7_comp.srs|io:o|time:0|size:-1|exec:0|csum:
file:..\synlog\lab7_lab7_compiler.srr|io:o|time:1730693827|size:31622|exec:0|csum:
file:..\..\..\..\..\..\..\..\..\lscc\radiant\2024.1\ip\pmi\pmi_ice40up.vhd|io:i|time:1648538958|size:17231|exec:0|csum:B4484439D4F130E2494777ACC3084671
file:..\..\..\..\..\..\..\..\..\lscc\radiant\2024.1\synpbase\lib\generic\ice40up.v|io:i|time:1715795516|size:26462|exec:0|csum:72B2E46EE2EB03A1019CFFB44E4E2628
file:..\..\..\..\..\..\..\..\..\lscc\radiant\2024.1\ip\pmi\pmi_ice40up.v|io:i|time:1537835135|size:413|exec:0|csum:B58F1C803B5DCA172B31258BA35093C2
file:.\-fsysv|io:i|time:0|size:-1|exec:0|csum:
file:..\..\..\src\aes_starter.sv|io:i|time:1730514074|size:6334|exec:0|csum:188C166028B5B578965D3145DD3EEE52
file:.\-fsysv|io:i|time:0|size:-1|exec:0|csum:
file:..\..\..\src\sub_words.sv|io:i|time:1730179897|size:605|exec:0|csum:25E135469E1072CEED3AE7A1A1ED9AB0
file:.\-fsysv|io:i|time:0|size:-1|exec:0|csum:
file:..\..\..\src\sub_bytes.sv|io:i|time:1730178378|size:385|exec:0|csum:957FCA3E4CD4C27B49B086AA98058896
file:.\-fsysv|io:i|time:0|size:-1|exec:0|csum:
file:..\..\..\src\shift_rows.sv|io:i|time:1730179093|size:1307|exec:0|csum:F03BC98CBE7094BF3A60C95C8FEAFFD2
file:.\-fsysv|io:i|time:0|size:-1|exec:0|csum:
file:..\..\..\src\expand_key.sv|io:i|time:1730269804|size:1003|exec:0|csum:3B1C1A6035C7C2E85AD8741EE7F63BD3
file:.\-fsysv|io:i|time:0|size:-1|exec:0|csum:
file:..\..\..\src\rot_and_sub_bytes.sv|io:i|time:1730184781|size:415|exec:0|csum:E6E9CE27E10C4B258D45417467E36F55
file:.\-fsysv|io:i|time:0|size:-1|exec:0|csum:
file:..\..\..\src\aes_controller.sv|io:i|time:1730414482|size:1713|exec:0|csum:9F795BAB4841C84BFB2F435E4919377A
file:.\-fsysv|io:i|time:0|size:-1|exec:0|csum:
file:..\..\..\src\aes_controller_nextstate.sv|io:i|time:1730414070|size:2962|exec:0|csum:7C7AEEFF367F2659BB2C7424A3BAFEC2
file:.\-fsysv|io:i|time:0|size:-1|exec:0|csum:
file:..\..\..\src\round_constant_decoder.sv|io:i|time:1730181787|size:812|exec:0|csum:7120B3B2FFB8B1BC154891130A9AA480
file:.\-fsysv|io:i|time:0|size:-1|exec:0|csum:
file:..\..\..\src\sbox_sync.sv|io:i|time:1730182485|size:649|exec:0|csum:12DAC7F3ECE1C525A64821CD2B41D0C7
file:..\..\..\..\..\..\..\..\..\lscc\radiant\2024.1\synpbase\bin64\c_hdl.exe|io:i|time:1715795488|size:7450112|exec:1|csum:D8C3FADBEACF5B42CF95EBAEC9409DD9
