{
"Synplify Pro (R) Job Log" : {
	"Date" : "20:17:07    03-Nov-2024",
	"Working Directory" : "C:/Users/mring/Documents/MicroPs/E155-lab7/fpga/radiant project/lab7",
	"Install" : "C:/lscc/radiant/2024.1/synpbase"
},
"lab7" :{
   "Job Flow" : "Sequential",
   "Start Time" : "20:17:04",
   "Runtime" : "03s",
   "Executable Run Time" : "03s",
   "synthesis" : {
      "Job Flow" : "Sequential",
      "Start Time" : "20:17:04",
      "Runtime" : "03s",
      "Executable Run Time" : "03s",
      "compile" : {
         "Job Flow" : "Sequential",
         "Start Time" : "20:17:04",
         "Runtime" : "03s",
         "Executable Run Time" : "03s",
         "compile_flow" : {
            "Job Flow" : "Sequential",
            "Start Time" : "20:17:04",
            "Runtime" : "03s",
            "Executable Run Time" : "03s",
            "compiler" : {
               "executable" : "bin64/c_hdl.exe",
               "Run Directory" : "C:/Users/mring/Documents/MicroPs/E155-lab7/fpga/radiant project/lab7",
               "Run State" : "Complete",
               "Return Code" : "2",
               "Has Errors" : "yes",
               "Run Start Time" : "20:17:04",
               "Run Time" : "03s",
               "Exe Run Time" : "03s",
               "Memory Usage" : "-",
               "Up-to-date (run skipped)" : "no"
            },
            "multi_srs_gen" : {
               "executable" : "bin64/syn_nfilter.exe",
               "Run Directory" : "C:/Users/mring/Documents/MicroPs/E155-lab7/fpga/radiant project/lab7",
               "Run State" : "Canceled",
               "Return Code" : "-",
               "Has Errors" : "yes",
               "Run Start Time" : "-",
               "Run Time" : "00s",
               "Exe Run Time" : "00s",
               "Memory Usage" : "-",
               "Up-to-date (run skipped)" : "no"
            }
         },
         "premap" : {
            "executable" : "bin64/m_generic.exe",
            "Run Directory" : "C:/Users/mring/Documents/MicroPs/E155-lab7/fpga/radiant project/lab7",
            "Run State" : "Canceled",
            "Return Code" : "-",
            "Has Errors" : "yes",
            "Run Start Time" : "-",
            "Run Time" : "00s",
            "Exe Run Time" : "00s",
            "Memory Usage" : "-",
            "Up-to-date (run skipped)" : "no"
         }
      },
      "map" : {
         "Job Flow" : "Sequential",
         "Start Time" : "-",
         "Runtime" : "00s",
         "Executable Run Time" : "00s",
         "fpga_mapper" : {
            "executable" : "bin64/m_generic.exe",
            "Run Directory" : "C:/Users/mring/Documents/MicroPs/E155-lab7/fpga/radiant project/lab7",
            "Run State" : "Canceled",
            "Return Code" : "-",
            "Has Errors" : "yes",
            "Run Start Time" : "-",
            "Run Time" : "00s",
            "Exe Run Time" : "00s",
            "Memory Usage" : "-",
            "Up-to-date (run skipped)" : "no"
         }
      }
   }
}
}