Running in Lattice mode

                               Synplify Pro (R) 

                Version V-2023.09LR-1 for win64 - May 14, 2024 

                    Copyright (c) 1988 - 2024 Synopsys, Inc.
   This software and the associated documentation are proprietary to Synopsys,
 Inc. This software may only be used in accordance with the terms and conditions
 of a written license agreement with Synopsys, Inc. All other use, reproduction,
   or distribution of this software is strictly prohibited.  Licensed Products
     communicate with Synopsys servers for the purpose of providing software
    updates, detecting software piracy and verifying that customers are using
    Licensed Products in conformity with the applicable License Key for such
  Licensed Products. Synopsys will use information gathered in connection with
    this process to deliver software updates and pursue software pirates and
                                   infringers.

 Inclusivity & Diversity - Visit SolvNetPlus to read the "Synopsys Statement on
            Inclusivity and Diversity" (Refer to article 000036315 at
                        https://solvnetplus.synopsys.com)

Starting:    C:\lscc\radiant\2024.1\synpbase\bin64\mbin\synbatch.exe
Install:     C:\lscc\radiant\2024.1\synpbase
Hostname:    4FMZ0R3
Date:        Sun Nov  3 20:17:03 2024
Version:     V-2023.09LR-1

Arguments:   -product synplify_base -batch lab7_lab7_synplify.tcl
ProductType: synplify_pro





log file: "C:\Users\mring\Documents\MicroPs\E155-lab7\fpga\radiant project\lab7\lab7_lab7.srr"
Running: lab7 in foreground

Running proj_1|lab7

Running Flow: compile (Compile) on proj_1|lab7
# Sun Nov  3 20:17:04 2024

Running Flow: compile_flow (Compile Process) on proj_1|lab7
# Sun Nov  3 20:17:04 2024

Running: compiler (Compile Input) on proj_1|lab7
# Sun Nov  3 20:17:04 2024
compiler exited with errors
Job failed on: proj_1|lab7

Job: "compiler" terminated with error status: 2
See log file: "C:\Users\mring\Documents\MicroPs\E155-lab7\fpga\radiant project\lab7\synlog\lab7_lab7_compiler.srr"
# Sun Nov  3 20:17:07 2024

Return Code: 2
Run Time:00h:00m:03s
Complete: Compile Process on proj_1|lab7
Complete: Compile on proj_1|lab7
Complete: Logic Synthesis on proj_1|lab7
Copied C:\Users\mring\Documents\MicroPs\E155-lab7\fpga\radiant project\lab7\lab7_lab7.srr to C:\Users\mring\Documents\MicroPs\E155-lab7\fpga\radiant project\lab7\lab7_lab7.srf
Error: At line 71 while processing "lab7_lab7_synplify.tcl"
2
TCL script complete: "lab7_lab7_synplify.tcl"
TCL script had errors: "lab7_lab7_synplify.tcl"
exit status=9
exit status=9
Save changes for project:
C:\Users\mring\Documents\MicroPs\E155-lab7\fpga\radiant project\lab7\proj_1.prj
batch mode default:no
